Loading db file '/home/ICer/PDK/SAED14_EDK/SAED14nm_EDK_STD_LVT/liberty/nldm/base/saed14lvt_base_tt0p8v25c.db'
Information: Propagating switching activity (low effort zero delay simulation). (PWR-6)
Warning: Design has unannotated primary inputs. (PWR-414)
Warning: Design has unannotated sequential cell outputs. (PWR-415)
 
****************************************
Report : power
        -hier
        -analysis_effort low
Design : systolic_array
Version: O-2018.06-SP1
Date   : Thu Aug 28 14:01:48 2025
****************************************


Library(s) Used:

    saed14lvt_base_tt0p8v25c (File: /home/ICer/PDK/SAED14_EDK/SAED14nm_EDK_STD_LVT/liberty/nldm/base/saed14lvt_base_tt0p8v25c.db)


Operating Conditions: tt0p8v25c   Library: saed14lvt_base_tt0p8v25c
Wire Load Model Mode: top

Design        Wire Load Model            Library
------------------------------------------------
systolic_array         35000             saed14lvt_base_tt0p8v25c


Global Operating Voltage = 0.8  
Power-specific unit information :
    Voltage Units = 1V
    Capacitance Units = 1.000000pf
    Time Units = 1ns
    Dynamic Power Units = 1mW    (derived from V,C,T units)
    Leakage Power Units = 1pW


--------------------------------------------------------------------------------
                                       Switch   Int      Leak     Total
Hierarchy                              Power    Power    Power    Power    %
--------------------------------------------------------------------------------
systolic_array                           14.640    7.924 1.40e+08   22.704 100.0
  ROWS_4__COLS_4__pe_inst (systolic_pe_DATAWIDTH16_1)
                                          0.393    0.247 3.02e+06    0.642   2.8
    add_24 (systolic_pe_DATAWIDTH16_1_DW01_add_4)
                                       9.17e-02 2.44e-02 5.40e+05    0.117   0.5
    mult_24 (systolic_pe_DATAWIDTH16_1_DW02_mult_0)
                                          0.245 7.43e-02 2.25e+06    0.321   1.4
  ROWS_4__COLS_3__pe_inst (systolic_pe_DATAWIDTH16_2)
                                          0.403    0.250 3.17e+06    0.657   2.9
    add_24 (systolic_pe_DATAWIDTH16_2_DW01_add_4)
                                       9.38e-02 2.80e-02 6.50e+05    0.122   0.5
    mult_24 (systolic_pe_DATAWIDTH16_2_DW02_mult_0)
                                          0.245 7.53e-02 2.29e+06    0.323   1.4
  ROWS_4__COLS_2__pe_inst (systolic_pe_DATAWIDTH16_3)
                                          0.399    0.245 2.95e+06    0.648   2.9
    add_24 (systolic_pe_DATAWIDTH16_3_DW01_add_4)
                                       8.97e-02 2.52e-02 5.54e+05    0.115   0.5
    mult_24 (systolic_pe_DATAWIDTH16_3_DW02_mult_0)
                                          0.243 7.18e-02 2.15e+06    0.317   1.4
  ROWS_4__COLS_1__pe_inst (systolic_pe_DATAWIDTH16_4)
                                          0.403    0.252 3.23e+06    0.658   2.9
    add_24 (systolic_pe_DATAWIDTH16_4_DW01_add_4)
                                       9.11e-02 2.61e-02 5.66e+05    0.118   0.5
    mult_24 (systolic_pe_DATAWIDTH16_4_DW02_mult_0)
                                          0.246 7.81e-02 2.42e+06    0.326   1.4
  ROWS_4__COLS_0__pe_inst (systolic_pe_DATAWIDTH16_5)
                                          0.684    0.348 7.05e+06    1.039   4.6
    add_24 (systolic_pe_DATAWIDTH16_5_DW01_add_4)
                                          0.111 3.60e-02 9.60e+05    0.147   0.6
    mult_24 (systolic_pe_DATAWIDTH16_5_DW02_mult_0)
                                          0.515    0.165 5.83e+06    0.686   3.0
  ROWS_3__COLS_4__pe_inst (systolic_pe_DATAWIDTH16_6)
                                          0.401    0.251 3.26e+06    0.656   2.9
    add_24 (systolic_pe_DATAWIDTH16_6_DW01_add_4)
                                       8.85e-02 2.40e-02 5.27e+05    0.113   0.5
    mult_24 (systolic_pe_DATAWIDTH16_6_DW02_mult_0)
                                          0.252 8.00e-02 2.50e+06    0.334   1.5
  ROWS_3__COLS_3__pe_inst (systolic_pe_DATAWIDTH16_7)
                                          0.680    0.333 7.08e+06    1.020   4.5
    add_24 (systolic_pe_DATAWIDTH16_7_DW01_add_4)
                                       9.34e-02 2.95e-02 6.18e+05    0.123   0.5
    mult_24 (systolic_pe_DATAWIDTH16_7_DW02_mult_0)
                                          0.509    0.156 6.22e+06    0.672   3.0
  ROWS_3__COLS_2__pe_inst (systolic_pe_DATAWIDTH16_8)
                                          0.687    0.346 7.40e+06    1.040   4.6
    add_24 (systolic_pe_DATAWIDTH16_8_DW01_add_4)
                                       9.79e-02 3.15e-02 7.03e+05    0.130   0.6
    mult_24 (systolic_pe_DATAWIDTH16_8_DW02_mult_0)
                                          0.511    0.164 6.41e+06    0.681   3.0
  ROWS_3__COLS_1__pe_inst (systolic_pe_DATAWIDTH16_9)
                                          0.673    0.341 7.22e+06    1.021   4.5
    add_24 (systolic_pe_DATAWIDTH16_9_DW01_add_4)
                                       9.19e-02 2.89e-02 6.48e+05    0.121   0.5
    mult_24 (systolic_pe_DATAWIDTH16_9_DW02_mult_0)
                                          0.512    0.165 6.34e+06    0.683   3.0
  ROWS_3__COLS_0__pe_inst (systolic_pe_DATAWIDTH16_10)
                                          0.439    0.280 3.58e+06    0.723   3.2
    add_24 (systolic_pe_DATAWIDTH16_10_DW01_add_4)
                                       9.23e-02 2.88e-02 7.31e+05    0.122   0.5
    mult_24 (systolic_pe_DATAWIDTH16_10_DW02_mult_0)
                                          0.287    0.105 2.62e+06    0.394   1.7
  ROWS_2__COLS_4__pe_inst (systolic_pe_DATAWIDTH16_11)
                                          0.405    0.252 3.15e+06    0.660   2.9
    add_24 (systolic_pe_DATAWIDTH16_11_DW01_add_4)
                                       8.95e-02 2.74e-02 5.97e+05    0.117   0.5
    mult_24 (systolic_pe_DATAWIDTH16_11_DW02_mult_0)
                                          0.250 7.53e-02 2.29e+06    0.327   1.4
  ROWS_2__COLS_3__pe_inst (systolic_pe_DATAWIDTH16_12)
                                          0.688    0.348 7.78e+06    1.044   4.6
    add_24 (systolic_pe_DATAWIDTH16_12_DW01_add_4)
                                       9.94e-02 3.30e-02 7.90e+05    0.133   0.6
    mult_24 (systolic_pe_DATAWIDTH16_12_DW02_mult_0)
                                          0.519    0.168 6.76e+06    0.694   3.1
  ROWS_2__COLS_2__pe_inst (systolic_pe_DATAWIDTH16_13)
                                          0.406    0.251 3.08e+06    0.659   2.9
    add_24 (systolic_pe_DATAWIDTH16_13_DW01_add_4)
                                       9.12e-02 2.47e-02 5.48e+05    0.116   0.5
    mult_24 (systolic_pe_DATAWIDTH16_13_DW02_mult_0)
                                          0.245 7.60e-02 2.24e+06    0.324   1.4
  ROWS_2__COLS_1__pe_inst (systolic_pe_DATAWIDTH16_14)
                                          0.673    0.338 7.43e+06    1.018   4.5
    add_24 (systolic_pe_DATAWIDTH16_14_DW01_add_4)
                                       9.69e-02 3.18e-02 7.32e+05    0.129   0.6
    mult_24 (systolic_pe_DATAWIDTH16_14_DW02_mult_0)
                                          0.503    0.158 6.45e+06    0.668   2.9
  ROWS_2__COLS_0__pe_inst (systolic_pe_DATAWIDTH16_15)
                                          0.453    0.285 3.73e+06    0.742   3.3
    add_24 (systolic_pe_DATAWIDTH16_15_DW01_add_4)
                                       9.37e-02 3.20e-02 7.68e+05    0.126   0.6
    mult_24 (systolic_pe_DATAWIDTH16_15_DW02_mult_0)
                                          0.291    0.105 2.71e+06    0.400   1.8
  ROWS_1__COLS_4__pe_inst (systolic_pe_DATAWIDTH16_16)
                                          0.643    0.325 7.10e+06    0.974   4.3
    add_24 (systolic_pe_DATAWIDTH16_16_DW01_add_4)
                                       8.81e-02 2.34e-02 5.13e+05    0.112   0.5
    mult_24 (systolic_pe_DATAWIDTH16_16_DW02_mult_0)
                                          0.494    0.154 6.37e+06    0.655   2.9
  ROWS_1__COLS_3__pe_inst (systolic_pe_DATAWIDTH16_17)
                                          0.758    0.375 1.02e+07    1.143   5.0
    add_24 (systolic_pe_DATAWIDTH16_17_DW01_add_4)
                                       8.87e-02 2.53e-02 5.99e+05    0.115   0.5
    mult_24 (systolic_pe_DATAWIDTH16_17_DW02_mult_0)
                                          0.598    0.201 9.35e+06    0.809   3.6
  ROWS_1__COLS_2__pe_inst (systolic_pe_DATAWIDTH16_18)
                                          0.741    0.355 9.96e+06    1.106   4.9
    add_24 (systolic_pe_DATAWIDTH16_18_DW01_add_4)
                                       9.29e-02 2.77e-02 6.17e+05    0.121   0.5
    mult_24 (systolic_pe_DATAWIDTH16_18_DW02_mult_0)
                                          0.579    0.179 9.10e+06    0.768   3.4
  ROWS_1__COLS_1__pe_inst (systolic_pe_DATAWIDTH16_19)
                                          0.546    0.299 6.38e+06    0.851   3.7
    add_24 (systolic_pe_DATAWIDTH16_19_DW01_add_4)
                                       9.16e-02 2.85e-02 6.17e+05    0.121   0.5
    mult_24 (systolic_pe_DATAWIDTH16_19_DW02_mult_0)
                                          0.385    0.122 5.50e+06    0.512   2.3
  ROWS_1__COLS_0__pe_inst (systolic_pe_DATAWIDTH16_20)
                                          0.798    0.391 7.66e+06    1.197   5.3
    add_24 (systolic_pe_DATAWIDTH16_20_DW01_add_4)
                                          0.111 3.90e-02 7.89e+05    0.151   0.7
    mult_24 (systolic_pe_DATAWIDTH16_20_DW02_mult_0)
                                          0.611    0.204 6.63e+06    0.821   3.6
  ROWS_0__COLS_4__pe_inst (systolic_pe_DATAWIDTH16_21)
                                          0.488    0.294 3.99e+06    0.786   3.5
    add_24 (systolic_pe_DATAWIDTH16_21_DW01_add_4)
                                       9.17e-02 3.32e-02 7.64e+05    0.126   0.6
    mult_24 (systolic_pe_DATAWIDTH16_21_DW02_mult_0)
                                          0.335    0.113 2.96e+06    0.451   2.0
  ROWS_0__COLS_3__pe_inst (systolic_pe_DATAWIDTH16_22)
                                          0.478    0.289 3.86e+06    0.772   3.4
    add_24 (systolic_pe_DATAWIDTH16_22_DW01_add_4)
                                       9.14e-02 2.95e-02 7.78e+05    0.122   0.5
    mult_24 (systolic_pe_DATAWIDTH16_22_DW02_mult_0)
                                          0.320    0.113 2.81e+06    0.436   1.9
  ROWS_0__COLS_2__pe_inst (systolic_pe_DATAWIDTH16_23)
                                          0.494    0.297 4.17e+06    0.795   3.5
    add_24 (systolic_pe_DATAWIDTH16_23_DW01_add_4)
                                       9.64e-02 3.46e-02 8.97e+05    0.132   0.6
    mult_24 (systolic_pe_DATAWIDTH16_23_DW02_mult_0)
                                          0.322    0.113 2.94e+06    0.438   1.9
  ROWS_0__COLS_1__pe_inst (systolic_pe_DATAWIDTH16_24)
                                          0.817    0.417 7.70e+06    1.242   5.5
    add_24 (systolic_pe_DATAWIDTH16_24_DW01_add_4)
                                          0.112 3.81e-02 7.86e+05    0.151   0.7
    mult_24 (systolic_pe_DATAWIDTH16_24_DW02_mult_0)
                                          0.637    0.230 6.65e+06    0.874   3.8
  ROWS_0__COLS_0__pe_inst (systolic_pe_DATAWIDTH16_0)
                                          0.801    0.438 4.13e+06    1.243   5.5
    add_24 (systolic_pe_DATAWIDTH16_0_DW01_add_4)
                                          0.184 6.80e-02 7.97e+05    0.253   1.1
    mult_24 (systolic_pe_DATAWIDTH16_0_DW02_mult_0)
                                          0.537    0.213 3.04e+06    0.753   3.3
1
