 
****************************************
Report : area
Design : systolic_array
Version: O-2018.06-SP1
Date   : Thu Aug 28 14:01:23 2025
****************************************

Library(s) Used:

    saed14lvt_base_tt0p8v25c (File: /home/ICer/PDK/SAED14_EDK/SAED14nm_EDK_STD_LVT/liberty/nldm/base/saed14lvt_base_tt0p8v25c.db)

Number of ports:                         9149
Number of nets:                         48542
Number of cells:                        36110
Number of combinational cells:          34401
Number of sequential cells:              1609
Number of macros/black boxes:               0
Number of buf/inv:                       8596
Number of references:                      86

Combinational area:              23466.465415
Buf/Inv area:                     4401.505185
Noncombinational area:            1749.182445
Macro/Black Box area:                0.000000
Net Interconnect area:           17803.072297

Total cell area:                 25215.647860
Total area:                      43018.720157

Hierarchical area distribution
------------------------------

                                  Global cell area            Local cell area
                                  -------------------  ----------------------------- 
Hierarchical cell                 Absolute    Percent  Combi-      Noncombi-  Black-
                                  Total       Total    national    national   boxes   Design
--------------------------------  ----------  -------  ----------  ---------  ------  --------------------------------------
systolic_array                    25215.6479    100.0    397.3356    14.3856  0.0000  systolic_array
ROWS_0__COLS_0__pe_inst             763.5912      3.0     12.1656    68.5092  0.0000  systolic_pe_DATAWIDTH16_0
ROWS_0__COLS_0__pe_inst/add_24      142.3908      0.6    142.3908     0.0000  0.0000  systolic_pe_DATAWIDTH16_0_DW01_add_4
ROWS_0__COLS_0__pe_inst/mult_24     540.5256      2.1    422.9988     0.0000  0.0000  systolic_pe_DATAWIDTH16_0_DW02_mult_0
ROWS_0__COLS_0__pe_inst/mult_24/FS_1
                                    117.5268      0.5    117.5268     0.0000  0.0000  systolic_pe_DATAWIDTH16_0_DW01_add_2
ROWS_0__COLS_1__pe_inst            1275.7008      5.1      8.6580    70.4184  0.0000  systolic_pe_DATAWIDTH16_24
ROWS_0__COLS_1__pe_inst/add_24      140.1264      0.6    140.1264     0.0000  0.0000  systolic_pe_DATAWIDTH16_24_DW01_add_4
ROWS_0__COLS_1__pe_inst/mult_24    1056.4980      4.2    964.3680     0.0000  0.0000  systolic_pe_DATAWIDTH16_24_DW02_mult_0
ROWS_0__COLS_1__pe_inst/mult_24/FS_1
                                     92.1300      0.4     92.1300     0.0000  0.0000  systolic_pe_DATAWIDTH16_24_DW01_add_2
ROWS_0__COLS_2__pe_inst             771.6720      3.1     14.3856    69.5748  0.0000  systolic_pe_DATAWIDTH16_23
ROWS_0__COLS_2__pe_inst/add_24      158.0640      0.6    158.0640     0.0000  0.0000  systolic_pe_DATAWIDTH16_23_DW01_add_4
ROWS_0__COLS_2__pe_inst/mult_24     529.6476      2.1    432.2784     0.0000  0.0000  systolic_pe_DATAWIDTH16_23_DW02_mult_0
ROWS_0__COLS_2__pe_inst/mult_24/FS_1
                                     97.3692      0.4     97.3692     0.0000  0.0000  systolic_pe_DATAWIDTH16_23_DW01_add_2
ROWS_0__COLS_3__pe_inst             740.3256      2.9      9.3240    69.3972  0.0000  systolic_pe_DATAWIDTH16_22
ROWS_0__COLS_3__pe_inst/add_24      141.9024      0.6    141.9024     0.0000  0.0000  systolic_pe_DATAWIDTH16_22_DW01_add_4
ROWS_0__COLS_3__pe_inst/mult_24     519.7020      2.1    418.8252     0.0000  0.0000  systolic_pe_DATAWIDTH16_22_DW02_mult_0
ROWS_0__COLS_3__pe_inst/mult_24/FS_1
                                    100.8768      0.4    100.8768     0.0000  0.0000  systolic_pe_DATAWIDTH16_22_DW01_add_2
ROWS_0__COLS_4__pe_inst             762.7920      3.0     10.7892    69.2640  0.0000  systolic_pe_DATAWIDTH16_21
ROWS_0__COLS_4__pe_inst/add_24      145.8096      0.6    145.8096     0.0000  0.0000  systolic_pe_DATAWIDTH16_21_DW01_add_4
ROWS_0__COLS_4__pe_inst/mult_24     536.9292      2.1    429.1260     0.0000  0.0000  systolic_pe_DATAWIDTH16_21_DW02_mult_0
ROWS_0__COLS_4__pe_inst/mult_24/FS_1
                                    107.8032      0.4    107.8032     0.0000  0.0000  systolic_pe_DATAWIDTH16_21_DW01_add_2
ROWS_1__COLS_0__pe_inst            1281.4284      5.1      8.2584    69.3528  0.0000  systolic_pe_DATAWIDTH16_20
ROWS_1__COLS_0__pe_inst/add_24      144.4776      0.6    144.4776     0.0000  0.0000  systolic_pe_DATAWIDTH16_20_DW01_add_4
ROWS_1__COLS_0__pe_inst/mult_24    1059.3396      4.2    950.4264     0.0000  0.0000  systolic_pe_DATAWIDTH16_20_DW02_mult_0
ROWS_1__COLS_0__pe_inst/mult_24/FS_1
                                    108.9132      0.4    108.9132     0.0000  0.0000  systolic_pe_DATAWIDTH16_20_DW01_add_2
ROWS_1__COLS_1__pe_inst            1097.9676      4.4      8.7912    69.7524  0.0000  systolic_pe_DATAWIDTH16_19
ROWS_1__COLS_1__pe_inst/add_24      121.3896      0.5    121.3896     0.0000  0.0000  systolic_pe_DATAWIDTH16_19_DW01_add_4
ROWS_1__COLS_1__pe_inst/mult_24     898.0344      3.6    828.1044     0.0000  0.0000  systolic_pe_DATAWIDTH16_19_DW02_mult_0
ROWS_1__COLS_1__pe_inst/mult_24/FS_1
                                     69.9300      0.3     69.9300     0.0000  0.0000  systolic_pe_DATAWIDTH16_19_DW01_add_2
ROWS_1__COLS_2__pe_inst            1581.5724      6.3      6.2160    69.8856  0.0000  systolic_pe_DATAWIDTH16_18
ROWS_1__COLS_2__pe_inst/add_24      121.2120      0.5    121.2120     0.0000  0.0000  systolic_pe_DATAWIDTH16_18_DW01_add_4
ROWS_1__COLS_2__pe_inst/mult_24    1384.2588      5.5   1300.6980     0.0000  0.0000  systolic_pe_DATAWIDTH16_18_DW02_mult_0
ROWS_1__COLS_2__pe_inst/mult_24/FS_1
                                     83.5608      0.3     83.5608     0.0000  0.0000  systolic_pe_DATAWIDTH16_18_DW01_add_2
ROWS_1__COLS_3__pe_inst            1612.7412      6.4     10.0344    69.5304  0.0000  systolic_pe_DATAWIDTH16_17
ROWS_1__COLS_3__pe_inst/add_24      119.3472      0.5    119.3472     0.0000  0.0000  systolic_pe_DATAWIDTH16_17_DW01_add_4
ROWS_1__COLS_3__pe_inst/mult_24    1413.8292      5.6   1328.0928     0.0000  0.0000  systolic_pe_DATAWIDTH16_17_DW02_mult_0
ROWS_1__COLS_3__pe_inst/mult_24/FS_1
                                     85.7364      0.3     85.7364     0.0000  0.0000  systolic_pe_DATAWIDTH16_17_DW01_add_2
ROWS_1__COLS_4__pe_inst            1216.8708      4.8      5.9496    68.9976  0.0000  systolic_pe_DATAWIDTH16_16
ROWS_1__COLS_4__pe_inst/add_24      109.9344      0.4    109.9344     0.0000  0.0000  systolic_pe_DATAWIDTH16_16_DW01_add_4
ROWS_1__COLS_4__pe_inst/mult_24    1031.9892      4.1    946.6524     0.0000  0.0000  systolic_pe_DATAWIDTH16_16_DW02_mult_0
ROWS_1__COLS_4__pe_inst/mult_24/FS_1
                                     85.3368      0.3     85.3368     0.0000  0.0000  systolic_pe_DATAWIDTH16_16_DW01_add_2
ROWS_2__COLS_0__pe_inst             735.7968      2.9      8.0808    70.3740  0.0000  systolic_pe_DATAWIDTH16_15
ROWS_2__COLS_0__pe_inst/add_24      145.1880      0.6    145.1880     0.0000  0.0000  systolic_pe_DATAWIDTH16_15_DW01_add_4
ROWS_2__COLS_0__pe_inst/mult_24     512.1540      2.0    406.1712     0.0000  0.0000  systolic_pe_DATAWIDTH16_15_DW02_mult_0
ROWS_2__COLS_0__pe_inst/mult_24/FS_1
                                    105.9828      0.4    105.9828     0.0000  0.0000  systolic_pe_DATAWIDTH16_15_DW01_add_2
ROWS_2__COLS_1__pe_inst            1272.9924      5.0      7.5924    69.4860  0.0000  systolic_pe_DATAWIDTH16_14
ROWS_2__COLS_1__pe_inst/add_24      137.6844      0.5    137.6844     0.0000  0.0000  systolic_pe_DATAWIDTH16_14_DW01_add_4
ROWS_2__COLS_1__pe_inst/mult_24    1058.2296      4.2    945.3648     0.0000  0.0000  systolic_pe_DATAWIDTH16_14_DW02_mult_0
ROWS_2__COLS_1__pe_inst/mult_24/FS_1
                                    112.8648      0.4    112.8648     0.0000  0.0000  systolic_pe_DATAWIDTH16_14_DW01_add_2
ROWS_2__COLS_2__pe_inst             664.0020      2.6     10.9224    69.6636  0.0000  systolic_pe_DATAWIDTH16_13
ROWS_2__COLS_2__pe_inst/add_24      115.9284      0.5    115.9284     0.0000  0.0000  systolic_pe_DATAWIDTH16_13_DW01_add_4
ROWS_2__COLS_2__pe_inst/mult_24     467.4876      1.9    390.1428     0.0000  0.0000  systolic_pe_DATAWIDTH16_13_DW02_mult_0
ROWS_2__COLS_2__pe_inst/mult_24/FS_1
                                     77.3448      0.3     77.3448     0.0000  0.0000  systolic_pe_DATAWIDTH16_13_DW01_add_2
ROWS_2__COLS_3__pe_inst            1304.7384      5.2      4.8840    69.4416  0.0000  systolic_pe_DATAWIDTH16_12
ROWS_2__COLS_3__pe_inst/add_24      144.5664      0.6    144.5664     0.0000  0.0000  systolic_pe_DATAWIDTH16_12_DW01_add_4
ROWS_2__COLS_3__pe_inst/mult_24    1085.8464      4.3   1000.2876     0.0000  0.0000  systolic_pe_DATAWIDTH16_12_DW02_mult_0
ROWS_2__COLS_3__pe_inst/mult_24/FS_1
                                     85.5588      0.3     85.5588     0.0000  0.0000  systolic_pe_DATAWIDTH16_12_DW01_add_2
ROWS_2__COLS_4__pe_inst             672.3048      2.7      7.5480    69.6192  0.0000  systolic_pe_DATAWIDTH16_11
ROWS_2__COLS_4__pe_inst/add_24      120.5460      0.5    120.5460     0.0000  0.0000  systolic_pe_DATAWIDTH16_11_DW01_add_4
ROWS_2__COLS_4__pe_inst/mult_24     474.5916      1.9    398.5344     0.0000  0.0000  systolic_pe_DATAWIDTH16_11_DW02_mult_0
ROWS_2__COLS_4__pe_inst/mult_24/FS_1
                                     76.0572      0.3     76.0572     0.0000  0.0000  systolic_pe_DATAWIDTH16_11_DW01_add_2
ROWS_3__COLS_0__pe_inst             712.7088      2.8      6.1716    69.2196  0.0000  systolic_pe_DATAWIDTH16_10
ROWS_3__COLS_0__pe_inst/add_24      135.6420      0.5    135.6420     0.0000  0.0000  systolic_pe_DATAWIDTH16_10_DW01_add_4
ROWS_3__COLS_0__pe_inst/mult_24     501.6756      2.0    404.5284     0.0000  0.0000  systolic_pe_DATAWIDTH16_10_DW02_mult_0
ROWS_3__COLS_0__pe_inst/mult_24/FS_1
                                     97.1472      0.4     97.1472     0.0000  0.0000  systolic_pe_DATAWIDTH16_10_DW01_add_2
ROWS_3__COLS_1__pe_inst            1245.1092      4.9      5.9496    69.8856  0.0000  systolic_pe_DATAWIDTH16_9
ROWS_3__COLS_1__pe_inst/add_24      126.6288      0.5    126.6288     0.0000  0.0000  systolic_pe_DATAWIDTH16_9_DW01_add_4
ROWS_3__COLS_1__pe_inst/mult_24    1042.6452      4.1    959.0400     0.0000  0.0000  systolic_pe_DATAWIDTH16_9_DW02_mult_0
ROWS_3__COLS_1__pe_inst/mult_24/FS_1
                                     83.6052      0.3     83.6052     0.0000  0.0000  systolic_pe_DATAWIDTH16_9_DW01_add_2
ROWS_3__COLS_2__pe_inst            1272.3708      5.0      9.6348    70.2408  0.0000  systolic_pe_DATAWIDTH16_8
ROWS_3__COLS_2__pe_inst/add_24      135.4200      0.5    135.4200     0.0000  0.0000  systolic_pe_DATAWIDTH16_8_DW01_add_4
ROWS_3__COLS_2__pe_inst/mult_24    1057.0752      4.2    968.4084     0.0000  0.0000  systolic_pe_DATAWIDTH16_8_DW02_mult_0
ROWS_3__COLS_2__pe_inst/mult_24/FS_1
                                     88.6668      0.4     88.6668     0.0000  0.0000  systolic_pe_DATAWIDTH16_8_DW01_add_2
ROWS_3__COLS_3__pe_inst            1238.2272      4.9      7.0152    70.0188  0.0000  systolic_pe_DATAWIDTH16_7
ROWS_3__COLS_3__pe_inst/add_24      125.0748      0.5    125.0748     0.0000  0.0000  systolic_pe_DATAWIDTH16_7_DW01_add_4
ROWS_3__COLS_3__pe_inst/mult_24    1036.1184      4.1    961.3488     0.0000  0.0000  systolic_pe_DATAWIDTH16_7_DW02_mult_0
ROWS_3__COLS_3__pe_inst/mult_24/FS_1
                                     74.7696      0.3     74.7696     0.0000  0.0000  systolic_pe_DATAWIDTH16_7_DW01_add_2
ROWS_3__COLS_4__pe_inst             685.9356      2.7      6.9264    69.3084  0.0000  systolic_pe_DATAWIDTH16_6
ROWS_3__COLS_4__pe_inst/add_24      112.2876      0.4    112.2876     0.0000  0.0000  systolic_pe_DATAWIDTH16_6_DW01_add_4
ROWS_3__COLS_4__pe_inst/mult_24     497.4132      2.0    409.7676     0.0000  0.0000  systolic_pe_DATAWIDTH16_6_DW02_mult_0
ROWS_3__COLS_4__pe_inst/mult_24/FS_1
                                     87.6456      0.3     87.6456     0.0000  0.0000  systolic_pe_DATAWIDTH16_6_DW01_add_2
ROWS_4__COLS_0__pe_inst            1243.2888      4.9      9.5904    68.5092  0.0000  systolic_pe_DATAWIDTH16_5
ROWS_4__COLS_0__pe_inst/add_24      168.3204      0.7    168.3204     0.0000  0.0000  systolic_pe_DATAWIDTH16_5_DW01_add_4
ROWS_4__COLS_0__pe_inst/mult_24     996.8688      4.0    895.8588     0.0000  0.0000  systolic_pe_DATAWIDTH16_5_DW02_mult_0
ROWS_4__COLS_0__pe_inst/mult_24/FS_1
                                    101.0100      0.4    101.0100     0.0000  0.0000  systolic_pe_DATAWIDTH16_5_DW01_add_2
ROWS_4__COLS_1__pe_inst             677.8548      2.7      8.8356    68.6868  0.0000  systolic_pe_DATAWIDTH16_4
ROWS_4__COLS_1__pe_inst/add_24      114.0636      0.5    114.0636     0.0000  0.0000  systolic_pe_DATAWIDTH16_4_DW01_add_4
ROWS_4__COLS_1__pe_inst/mult_24     486.2688      1.9    404.9724     0.0000  0.0000  systolic_pe_DATAWIDTH16_4_DW02_mult_0
ROWS_4__COLS_1__pe_inst/mult_24/FS_1
                                     81.2964      0.3     81.2964     0.0000  0.0000  systolic_pe_DATAWIDTH16_4_DW01_add_2
ROWS_4__COLS_2__pe_inst             648.6840      2.6      8.5248    68.8200  0.0000  systolic_pe_DATAWIDTH16_3
ROWS_4__COLS_2__pe_inst/add_24      116.0616      0.5    116.0616     0.0000  0.0000  systolic_pe_DATAWIDTH16_3_DW01_add_4
ROWS_4__COLS_2__pe_inst/mult_24     455.2776      1.8    385.0812     0.0000  0.0000  systolic_pe_DATAWIDTH16_3_DW02_mult_0
ROWS_4__COLS_2__pe_inst/mult_24/FS_1
                                     70.1964      0.3     70.1964     0.0000  0.0000  systolic_pe_DATAWIDTH16_3_DW01_add_2
ROWS_4__COLS_3__pe_inst             669.5076      2.7      8.0808    68.6424  0.0000  systolic_pe_DATAWIDTH16_2
ROWS_4__COLS_3__pe_inst/add_24      122.7660      0.5    122.7660     0.0000  0.0000  systolic_pe_DATAWIDTH16_2_DW01_add_4
ROWS_4__COLS_3__pe_inst/mult_24     470.0184      1.9    390.0984     0.0000  0.0000  systolic_pe_DATAWIDTH16_2_DW02_mult_0
ROWS_4__COLS_3__pe_inst/mult_24/FS_1
                                     79.9200      0.3     79.9200     0.0000  0.0000  systolic_pe_DATAWIDTH16_2_DW01_add_2
ROWS_4__COLS_4__pe_inst             655.7436      2.6      8.0364    68.1984  0.0000  systolic_pe_DATAWIDTH16_1
ROWS_4__COLS_4__pe_inst/add_24      115.0848      0.5    115.0848     0.0000  0.0000  systolic_pe_DATAWIDTH16_1_DW01_add_4
ROWS_4__COLS_4__pe_inst/mult_24     464.4240      1.8    393.2952     0.0000  0.0000  systolic_pe_DATAWIDTH16_1_DW02_mult_0
ROWS_4__COLS_4__pe_inst/mult_24/FS_1
                                     71.1288      0.3     71.1288     0.0000  0.0000  systolic_pe_DATAWIDTH16_1_DW01_add_2
--------------------------------  ----------  -------  ----------  ---------  ------  --------------------------------------
Total                                                  23466.4654  1749.1824  0.0000

1
