vsim -l file.log -novopt tb_systolic_array
# === Generic Systolic Array Testbench ===
# N_SIZE = 5, DATAWIDTH = 16
# Total cycles expected = 9
# 
# --- Test Case: 5x5 Matrix Multiplication ---
# Matrix A:
#      1    2    3    4    5 
#      6    7    8    9   10 
#     11   12   13   14   15 
#     16   17   18   19   20 
#     21   22   23   24   25 
# Matrix B:
#     25   24   23   22   21 
#     20   19   18   17   16 
#     15   14   13   12   11 
#     10    9    8    7    6 
#      5    4    3    2    1 
# Expected Result (A * B):
#        175      160      145      130      115 
#        550      510      470      430      390 
#        925      860      795      730      665 
#       1300     1210     1120     1030      940 
#       1675     1560     1445     1330     1215 
# 
# Collecting matrix outputs...
# Row 0 collected: 000000730000008200000091000000a0000000af
# Row 1 collected: 00000186000001ae000001d6000001fe00000226
# Row 2 collected: 00000299000002da0000031b0000035c0000039d
# Row 3 collected: 000003ac0000040600000460000004ba00000514
# Row 4 collected: 000004bf00000532000005a5000006180000068b
# All 5 rows collected successfully!
# 
# === Output Results ===
# Collected Matrix Rows (Raw Hex):
#   Row 0: 000000730000008200000091000000a0000000af
#   Row 1: 00000186000001ae000001d6000001fe00000226
#   Row 2: 00000299000002da0000031b0000035c0000039d
#   Row 3: 000003ac0000040600000460000004ba00000514
#   Row 4: 000004bf00000532000005a5000006180000068b
# Actual Result Matrix:
#        175      160      145      130      115 
#        550      510      470      430      390 
#        925      860      795      730      665 
#       1300     1210     1120     1030      940 
#       1675     1560     1445     1330     1215 
# 
# --- Verification ---
# SUCCESS: All results match expected values!
# 
# === Test completed ===
